  [1m[36m (1.3ms)[0m  [1mCREATE TABLE "schema_migrations" ("version" varchar NOT NULL) [0m
  [1m[35m (0.0ms)[0m  select sqlite_version(*)
  [1m[36m (1.1ms)[0m  [1mCREATE UNIQUE INDEX "unique_schema_migrations" ON "schema_migrations" ("version")[0m
  [1m[35mActiveRecord::SchemaMigration Load (0.1ms)[0m  SELECT "schema_migrations".* FROM "schema_migrations"
Started GET "/articles" for ::1 at 2019-07-04 16:01:10 -0400
  [1m[36mActiveRecord::SchemaMigration Load (0.1ms)[0m  [1m[34mSELECT "schema_migrations".* FROM "schema_migrations"[0m
  
ActiveRecord::PendingMigrationError (

Migrations are pending. To resolve this issue, run:

        bin/rails db:migrate RAILS_ENV=development

):
  
activerecord (5.0.7.2) lib/active_record/migration.rb:573:in `check_pending!'
activerecord (5.0.7.2) lib/active_record/migration.rb:549:in `call'
actionpack (5.0.7.2) lib/action_dispatch/middleware/callbacks.rb:38:in `block in call'
activesupport (5.0.7.2) lib/active_support/callbacks.rb:97:in `__run_callbacks__'
activesupport (5.0.7.2) lib/active_support/callbacks.rb:750:in `_run_call_callbacks'
activesupport (5.0.7.2) lib/active_support/callbacks.rb:90:in `run_callbacks'
actionpack (5.0.7.2) lib/action_dispatch/middleware/callbacks.rb:36:in `call'
actionpack (5.0.7.2) lib/action_dispatch/middleware/executor.rb:12:in `call'
actionpack (5.0.7.2) lib/action_dispatch/middleware/remote_ip.rb:79:in `call'
actionpack (5.0.7.2) lib/action_dispatch/middleware/debug_exceptions.rb:49:in `call'
web-console (2.3.0) lib/web_console/middleware.rb:28:in `block in call'
web-console (2.3.0) lib/web_console/middleware.rb:18:in `catch'
web-console (2.3.0) lib/web_console/middleware.rb:18:in `call'
actionpack (5.0.7.2) lib/action_dispatch/middleware/show_exceptions.rb:31:in `call'
railties (5.0.7.2) lib/rails/rack/logger.rb:36:in `call_app'
railties (5.0.7.2) lib/rails/rack/logger.rb:24:in `block in call'
activesupport (5.0.7.2) lib/active_support/tagged_logging.rb:69:in `block in tagged'
activesupport (5.0.7.2) lib/active_support/tagged_logging.rb:26:in `tagged'
activesupport (5.0.7.2) lib/active_support/tagged_logging.rb:69:in `tagged'
railties (5.0.7.2) lib/rails/rack/logger.rb:24:in `call'
sprockets-rails (3.2.1) lib/sprockets/rails/quiet_assets.rb:13:in `call'
actionpack (5.0.7.2) lib/action_dispatch/middleware/request_id.rb:24:in `call'
rack (2.0.7) lib/rack/method_override.rb:22:in `call'
rack (2.0.7) lib/rack/runtime.rb:22:in `call'
activesupport (5.0.7.2) lib/active_support/cache/strategy/local_cache_middleware.rb:28:in `call'
actionpack (5.0.7.2) lib/action_dispatch/middleware/executor.rb:12:in `call'
actionpack (5.0.7.2) lib/action_dispatch/middleware/static.rb:136:in `call'
rack (2.0.7) lib/rack/sendfile.rb:111:in `call'
railties (5.0.7.2) lib/rails/engine.rb:522:in `call'
rack (2.0.7) lib/rack/handler/webrick.rb:86:in `service'
/Users/irenesaez/.rvm/rubies/ruby-2.6.1/lib/ruby/2.6.0/webrick/httpserver.rb:140:in `service'
/Users/irenesaez/.rvm/rubies/ruby-2.6.1/lib/ruby/2.6.0/webrick/httpserver.rb:96:in `run'
/Users/irenesaez/.rvm/rubies/ruby-2.6.1/lib/ruby/2.6.0/webrick/server.rb:307:in `block in start_thread'
  Rendering /Users/irenesaez/.rvm/gems/ruby-2.6.1/gems/actionpack-5.0.7.2/lib/action_dispatch/middleware/templates/rescues/diagnostics.html.erb within rescues/layout
  Rendering /Users/irenesaez/.rvm/gems/ruby-2.6.1/gems/actionpack-5.0.7.2/lib/action_dispatch/middleware/templates/rescues/_source.html.erb
  Rendered /Users/irenesaez/.rvm/gems/ruby-2.6.1/gems/actionpack-5.0.7.2/lib/action_dispatch/middleware/templates/rescues/_source.html.erb (1.6ms)
  Rendering /Users/irenesaez/.rvm/gems/ruby-2.6.1/gems/actionpack-5.0.7.2/lib/action_dispatch/middleware/templates/rescues/_trace.html.erb
  Rendered /Users/irenesaez/.rvm/gems/ruby-2.6.1/gems/actionpack-5.0.7.2/lib/action_dispatch/middleware/templates/rescues/_trace.html.erb (0.9ms)
  Rendering /Users/irenesaez/.rvm/gems/ruby-2.6.1/gems/actionpack-5.0.7.2/lib/action_dispatch/middleware/templates/rescues/_request_and_response.html.erb
  Rendered /Users/irenesaez/.rvm/gems/ruby-2.6.1/gems/actionpack-5.0.7.2/lib/action_dispatch/middleware/templates/rescues/_request_and_response.html.erb (0.6ms)
  Rendered /Users/irenesaez/.rvm/gems/ruby-2.6.1/gems/actionpack-5.0.7.2/lib/action_dispatch/middleware/templates/rescues/diagnostics.html.erb within rescues/layout (28.4ms)
DEPRECATION WARNING: Accessing mime types via constants is deprecated. Please change `Mime::HTML` to `Mime[:html]`. (called from acceptable_content_type? at /Users/irenesaez/.rvm/gems/ruby-2.6.1/gems/web-console-2.3.0/lib/web_console/middleware.rb:58)
  Rendering /Users/irenesaez/.rvm/gems/ruby-2.6.1/gems/web-console-2.3.0/lib/web_console/templates/index.html.erb
  Rendered /Users/irenesaez/.rvm/gems/ruby-2.6.1/gems/web-console-2.3.0/lib/web_console/templates/_markup.html.erb (1.4ms)
  Rendering /Users/irenesaez/.rvm/gems/ruby-2.6.1/gems/web-console-2.3.0/lib/web_console/templates/console.js.erb within layouts/javascript
  Rendering /Users/irenesaez/.rvm/gems/ruby-2.6.1/gems/web-console-2.3.0/lib/web_console/templates/_inner_console_markup.html.erb within layouts/inlined_string
  Rendered /Users/irenesaez/.rvm/gems/ruby-2.6.1/gems/web-console-2.3.0/lib/web_console/templates/_inner_console_markup.html.erb within layouts/inlined_string (0.4ms)
  Rendering /Users/irenesaez/.rvm/gems/ruby-2.6.1/gems/web-console-2.3.0/lib/web_console/templates/_prompt_box_markup.html.erb within layouts/inlined_string
  Rendered /Users/irenesaez/.rvm/gems/ruby-2.6.1/gems/web-console-2.3.0/lib/web_console/templates/_prompt_box_markup.html.erb within layouts/inlined_string (1.2ms)
  Rendering /Users/irenesaez/.rvm/gems/ruby-2.6.1/gems/web-console-2.3.0/lib/web_console/templates/style.css.erb within layouts/inlined_string
  Rendered /Users/irenesaez/.rvm/gems/ruby-2.6.1/gems/web-console-2.3.0/lib/web_console/templates/style.css.erb within layouts/inlined_string (1.3ms)
DEPRECATION WARNING: Accessing mime types via constants is deprecated. Please change `Mime::WEB_CONSOLE_V2` to `Mime[:web_console_v2]`. (called from ___sers_irenesaez__rvm_gems_ruby_______gems_web_console_______lib_web_console_templates_console_js_erb__1708693063581836259_70278206648400 at /Users/irenesaez/.rvm/gems/ruby-2.6.1/gems/web-console-2.3.0/lib/web_console/templates/console.js.erb:491)
  Rendered /Users/irenesaez/.rvm/gems/ruby-2.6.1/gems/web-console-2.3.0/lib/web_console/templates/console.js.erb within layouts/javascript (39.8ms)
  Rendering /Users/irenesaez/.rvm/gems/ruby-2.6.1/gems/web-console-2.3.0/lib/web_console/templates/main.js.erb within layouts/javascript
  Rendered /Users/irenesaez/.rvm/gems/ruby-2.6.1/gems/web-console-2.3.0/lib/web_console/templates/main.js.erb within layouts/javascript (0.3ms)
  Rendering /Users/irenesaez/.rvm/gems/ruby-2.6.1/gems/web-console-2.3.0/lib/web_console/templates/error_page.js.erb within layouts/javascript
  Rendered /Users/irenesaez/.rvm/gems/ruby-2.6.1/gems/web-console-2.3.0/lib/web_console/templates/error_page.js.erb within layouts/javascript (0.4ms)
  Rendered /Users/irenesaez/.rvm/gems/ruby-2.6.1/gems/web-console-2.3.0/lib/web_console/templates/index.html.erb (72.4ms)
  [1m[35m (1.8ms)[0m  [1m[35mCREATE TABLE "ar_internal_metadata" ("key" varchar NOT NULL PRIMARY KEY, "value" varchar, "created_at" datetime NOT NULL, "updated_at" datetime NOT NULL)[0m
  [1m[36mActiveRecord::SchemaMigration Load (0.2ms)[0m  [1m[34mSELECT "schema_migrations".* FROM "schema_migrations"[0m
Migrating to CreateArticles (20190704195845)
  [1m[35m (0.1ms)[0m  [1m[36mbegin transaction[0m
  [1m[35m (0.5ms)[0m  [1m[35mCREATE TABLE "articles" ("id" INTEGER PRIMARY KEY AUTOINCREMENT NOT NULL, "title" varchar, "body" text, "created_at" datetime NOT NULL, "updated_at" datetime NOT NULL)[0m
  [1m[35mSQL (0.2ms)[0m  [1m[32mINSERT INTO "schema_migrations" ("version") VALUES (?)[0m  [["version", "20190704195845"]]
  [1m[35m (1.3ms)[0m  [1m[36mcommit transaction[0m
  [1m[36mActiveRecord::InternalMetadata Load (0.4ms)[0m  [1m[34mSELECT  "ar_internal_metadata".* FROM "ar_internal_metadata" WHERE "ar_internal_metadata"."key" = ? LIMIT ?[0m  [["key", "environment"], ["LIMIT", 1]]
  [1m[35m (0.0ms)[0m  [1m[36mbegin transaction[0m
  [1m[35mSQL (0.4ms)[0m  [1m[32mINSERT INTO "ar_internal_metadata" ("key", "value", "created_at", "updated_at") VALUES (?, ?, ?, ?)[0m  [["key", "environment"], ["value", "development"], ["created_at", "2019-07-04 20:01:22.377327"], ["updated_at", "2019-07-04 20:01:22.377327"]]
  [1m[35m (0.9ms)[0m  [1m[36mcommit transaction[0m
  [1m[36mActiveRecord::SchemaMigration Load (0.1ms)[0m  [1m[34mSELECT "schema_migrations".* FROM "schema_migrations"[0m
  [1m[36mActiveRecord::SchemaMigration Load (0.1ms)[0m  [1m[34mSELECT "schema_migrations".* FROM "schema_migrations"[0m
  [1m[36mActiveRecord::InternalMetadata Load (0.1ms)[0m  [1m[34mSELECT  "ar_internal_metadata".* FROM "ar_internal_metadata" WHERE "ar_internal_metadata"."key" = ? LIMIT ?[0m  [["key", "environment"], ["LIMIT", 1]]
  [1m[35m (0.0ms)[0m  [1m[36mbegin transaction[0m
  [1m[35m (0.0ms)[0m  [1m[36mcommit transaction[0m
  [1m[36mActiveRecord::SchemaMigration Load (0.1ms)[0m  [1m[34mSELECT "schema_migrations".* FROM "schema_migrations"[0m
Started GET "/articles" for ::1 at 2019-07-04 16:01:47 -0400
  [1m[36mActiveRecord::SchemaMigration Load (0.3ms)[0m  [1m[34mSELECT "schema_migrations".* FROM "schema_migrations"[0m
Processing by ArticlesController#index as HTML
  Rendering articles/index.html.erb within layouts/application
  [1m[36mArticle Load (0.1ms)[0m  [1m[34mSELECT "articles".* FROM "articles"[0m
  Rendered articles/index.html.erb within layouts/application (5.3ms)
Completed 200 OK in 609ms (Views: 598.5ms | ActiveRecord: 0.4ms)


Started GET "/articles/new" for ::1 at 2019-07-04 16:01:52 -0400
Processing by ArticlesController#new as HTML
  Rendering articles/new.html.erb within layouts/application
  Rendered articles/_form.html.erb (27.9ms)
  Rendered articles/new.html.erb within layouts/application (30.6ms)
Completed 200 OK in 53ms (Views: 44.0ms | ActiveRecord: 0.6ms)


Started POST "/articles" for ::1 at 2019-07-04 16:02:01 -0400
Processing by ArticlesController#create as HTML
  Parameters: {"utf8"=>"✓", "authenticity_token"=>"TftG35a5mSN99yOnCyWttbIZ+qlZRRdrIoMaUq1FsEkwy4NPNcURa7sQ91PBeUJQJsPj5PD1QaR2uNDfpqmVyA==", "article"=>{"title"=>"Article 1", "body"=>"First one"}, "commit"=>"Create Article"}
  [1m[35m (0.4ms)[0m  [1m[36mbegin transaction[0m
  [1m[35mSQL (0.8ms)[0m  [1m[32mINSERT INTO "articles" ("title", "body", "created_at", "updated_at") VALUES (?, ?, ?, ?)[0m  [["title", "Article 1"], ["body", "First one"], ["created_at", "2019-07-04 20:02:01.637875"], ["updated_at", "2019-07-04 20:02:01.637875"]]
  [1m[35m (1.0ms)[0m  [1m[36mcommit transaction[0m
Redirected to http://localhost:3000/articles/1
Completed 302 Found in 9ms (ActiveRecord: 2.2ms)


Started GET "/articles/1" for ::1 at 2019-07-04 16:02:01 -0400
Processing by ArticlesController#show as HTML
  Parameters: {"id"=>"1"}
  [1m[36mArticle Load (0.2ms)[0m  [1m[34mSELECT  "articles".* FROM "articles" WHERE "articles"."id" = ? LIMIT ?[0m  [["id", 1], ["LIMIT", 1]]
  Rendering articles/show.html.erb within layouts/application
  Rendered articles/show.html.erb within layouts/application (0.8ms)
Completed 200 OK in 21ms (Views: 16.8ms | ActiveRecord: 0.2ms)


Started GET "/articles/1/edit" for ::1 at 2019-07-04 16:02:07 -0400
Processing by ArticlesController#edit as HTML
  Parameters: {"id"=>"1"}
  [1m[36mArticle Load (0.2ms)[0m  [1m[34mSELECT  "articles".* FROM "articles" WHERE "articles"."id" = ? LIMIT ?[0m  [["id", 1], ["LIMIT", 1]]
  Rendering articles/edit.html.erb within layouts/application
  Rendered articles/_form.html.erb (4.9ms)
  Rendered articles/edit.html.erb within layouts/application (7.5ms)
Completed 200 OK in 44ms (Views: 40.1ms | ActiveRecord: 0.2ms)


Started PATCH "/articles/1" for ::1 at 2019-07-04 16:02:12 -0400
Processing by ArticlesController#update as HTML
  Parameters: {"utf8"=>"✓", "authenticity_token"=>"UmCROdA5gHUYsIVIUX8LwPdOKR1vBbFkVFXbyu5MWrkvUFSpc0UIPd5XUbybI+QlY5QwUMa156sAbhFH5aB/OA==", "article"=>{"title"=>"Article 1", "body"=>"First"}, "commit"=>"Update Article", "id"=>"1"}
  [1m[36mArticle Load (0.2ms)[0m  [1m[34mSELECT  "articles".* FROM "articles" WHERE "articles"."id" = ? LIMIT ?[0m  [["id", 1], ["LIMIT", 1]]
  [1m[35m (0.1ms)[0m  [1m[36mbegin transaction[0m
  [1m[35mSQL (0.8ms)[0m  [1m[33mUPDATE "articles" SET "body" = ?, "updated_at" = ? WHERE "articles"."id" = ?[0m  [["body", "First"], ["updated_at", "2019-07-04 20:02:12.648914"], ["id", 1]]
  [1m[35m (1.8ms)[0m  [1m[36mcommit transaction[0m
Redirected to http://localhost:3000/articles/1
Completed 302 Found in 11ms (ActiveRecord: 2.9ms)


Started GET "/articles/1" for ::1 at 2019-07-04 16:02:12 -0400
Processing by ArticlesController#show as HTML
  Parameters: {"id"=>"1"}
  [1m[36mArticle Load (0.1ms)[0m  [1m[34mSELECT  "articles".* FROM "articles" WHERE "articles"."id" = ? LIMIT ?[0m  [["id", 1], ["LIMIT", 1]]
  Rendering articles/show.html.erb within layouts/application
  Rendered articles/show.html.erb within layouts/application (1.8ms)
Completed 200 OK in 62ms (Views: 59.4ms | ActiveRecord: 0.1ms)


Started GET "/articles" for ::1 at 2019-07-04 16:02:14 -0400
Processing by ArticlesController#index as HTML
  Rendering articles/index.html.erb within layouts/application
  [1m[36mArticle Load (0.2ms)[0m  [1m[34mSELECT "articles".* FROM "articles"[0m
  Rendered articles/index.html.erb within layouts/application (2.5ms)
Completed 200 OK in 27ms (Views: 25.2ms | ActiveRecord: 0.2ms)


Started GET "/articles/new" for ::1 at 2019-07-04 16:02:17 -0400
Processing by ArticlesController#new as HTML
  Rendering articles/new.html.erb within layouts/application
  Rendered articles/_form.html.erb (2.8ms)
  Rendered articles/new.html.erb within layouts/application (4.6ms)
Completed 200 OK in 22ms (Views: 20.3ms | ActiveRecord: 0.0ms)


Started POST "/articles" for ::1 at 2019-07-04 16:02:24 -0400
Processing by ArticlesController#create as HTML
  Parameters: {"utf8"=>"✓", "authenticity_token"=>"psnnc4WLdltxMTAaDVVOVhmRMtDFUXWGzH9Bumh3U/3b+SLjJvf+E7fW5O7HCaGzjUsrnWzhI0mYRIs3Y5t2fA==", "article"=>{"title"=>"Article 2", "body"=>"WOW"}, "commit"=>"Create Article"}
  [1m[35m (0.2ms)[0m  [1m[36mbegin transaction[0m
  [1m[35mSQL (0.8ms)[0m  [1m[32mINSERT INTO "articles" ("title", "body", "created_at", "updated_at") VALUES (?, ?, ?, ?)[0m  [["title", "Article 2"], ["body", "WOW"], ["created_at", "2019-07-04 20:02:24.392950"], ["updated_at", "2019-07-04 20:02:24.392950"]]
  [1m[35m (1.3ms)[0m  [1m[36mcommit transaction[0m
Redirected to http://localhost:3000/articles/2
Completed 302 Found in 8ms (ActiveRecord: 2.3ms)


Started GET "/articles/2" for ::1 at 2019-07-04 16:02:24 -0400
Processing by ArticlesController#show as HTML
  Parameters: {"id"=>"2"}
  [1m[36mArticle Load (0.3ms)[0m  [1m[34mSELECT  "articles".* FROM "articles" WHERE "articles"."id" = ? LIMIT ?[0m  [["id", 2], ["LIMIT", 1]]
  Rendering articles/show.html.erb within layouts/application
  Rendered articles/show.html.erb within layouts/application (1.0ms)
Completed 200 OK in 28ms (Views: 24.9ms | ActiveRecord: 0.3ms)


Started GET "/articles" for ::1 at 2019-07-04 16:02:26 -0400
Processing by ArticlesController#index as HTML
  Rendering articles/index.html.erb within layouts/application
  [1m[36mArticle Load (0.1ms)[0m  [1m[34mSELECT "articles".* FROM "articles"[0m
  Rendered articles/index.html.erb within layouts/application (1.6ms)
Completed 200 OK in 18ms (Views: 16.9ms | ActiveRecord: 0.1ms)


Started GET "/articles/new" for ::1 at 2019-07-04 16:02:46 -0400
Processing by ArticlesController#new as HTML
  Rendering articles/new.html.erb within layouts/application
  Rendered articles/_form.html.erb (3.2ms)
  Rendered articles/new.html.erb within layouts/application (5.2ms)
Completed 200 OK in 21ms (Views: 19.9ms | ActiveRecord: 0.0ms)


Started POST "/articles" for ::1 at 2019-07-04 16:03:02 -0400
Processing by ArticlesController#create as HTML
  Parameters: {"utf8"=>"✓", "authenticity_token"=>"k2hONy/UeO6Ct/FpTF46eevGBMDhL/BY6ucqMq1ElonuWIunjKjwpkRQJZ2GAtWcfxwdjUifppe+3OC/pqizCA==", "article"=>{"title"=>"Article 3", "body"=>"This is a mistake"}, "commit"=>"Create Article"}
  [1m[35m (0.1ms)[0m  [1m[36mbegin transaction[0m
  [1m[35mSQL (1.0ms)[0m  [1m[32mINSERT INTO "articles" ("title", "body", "created_at", "updated_at") VALUES (?, ?, ?, ?)[0m  [["title", "Article 3"], ["body", "This is a mistake"], ["created_at", "2019-07-04 20:03:02.044276"], ["updated_at", "2019-07-04 20:03:02.044276"]]
  [1m[35m (1.7ms)[0m  [1m[36mcommit transaction[0m
Redirected to http://localhost:3000/articles/3
Completed 302 Found in 8ms (ActiveRecord: 2.8ms)


Started GET "/articles/3" for ::1 at 2019-07-04 16:03:02 -0400
Processing by ArticlesController#show as HTML
  Parameters: {"id"=>"3"}
  [1m[36mArticle Load (0.2ms)[0m  [1m[34mSELECT  "articles".* FROM "articles" WHERE "articles"."id" = ? LIMIT ?[0m  [["id", 3], ["LIMIT", 1]]
  Rendering articles/show.html.erb within layouts/application
  Rendered articles/show.html.erb within layouts/application (0.9ms)
Completed 200 OK in 20ms (Views: 17.3ms | ActiveRecord: 0.2ms)


Started GET "/articles" for ::1 at 2019-07-04 16:03:03 -0400
Processing by ArticlesController#index as HTML
  Rendering articles/index.html.erb within layouts/application
  [1m[36mArticle Load (0.2ms)[0m  [1m[34mSELECT "articles".* FROM "articles"[0m
  Rendered articles/index.html.erb within layouts/application (1.7ms)
Completed 200 OK in 22ms (Views: 19.9ms | ActiveRecord: 0.2ms)


Started DELETE "/articles/3" for ::1 at 2019-07-04 16:03:06 -0400
Processing by ArticlesController#destroy as HTML
  Parameters: {"authenticity_token"=>"yZ49QPzvP8+ad6LpkrTBOqv7nGybXZs+au/qzJw7gRS0rvjQX5O3h1yQdh1Y6C7fPyGFITLtzfE+1CBBl9eklQ==", "id"=>"3"}
  [1m[36mArticle Load (0.1ms)[0m  [1m[34mSELECT  "articles".* FROM "articles" WHERE "articles"."id" = ? LIMIT ?[0m  [["id", 3], ["LIMIT", 1]]
  [1m[35m (0.0ms)[0m  [1m[36mbegin transaction[0m
  [1m[35mSQL (1.0ms)[0m  [1m[31mDELETE FROM "articles" WHERE "articles"."id" = ?[0m  [["id", 3]]
  [1m[35m (0.9ms)[0m  [1m[36mcommit transaction[0m
Redirected to http://localhost:3000/articles
Completed 302 Found in 4ms (ActiveRecord: 2.0ms)


Started GET "/articles" for ::1 at 2019-07-04 16:03:06 -0400
Processing by ArticlesController#index as HTML
  Rendering articles/index.html.erb within layouts/application
  [1m[36mArticle Load (0.3ms)[0m  [1m[34mSELECT "articles".* FROM "articles"[0m
  Rendered articles/index.html.erb within layouts/application (4.2ms)
Completed 200 OK in 32ms (Views: 30.9ms | ActiveRecord: 0.3ms)


Started GET "/articles/new" for ::1 at 2019-07-04 16:03:08 -0400
Processing by ArticlesController#new as HTML
  Rendering articles/new.html.erb within layouts/application
  Rendered articles/_form.html.erb (1.9ms)
  Rendered articles/new.html.erb within layouts/application (3.2ms)
Completed 200 OK in 38ms (Views: 36.9ms | ActiveRecord: 0.0ms)


Started GET "/articles" for ::1 at 2019-07-04 16:03:10 -0400
Processing by ArticlesController#index as HTML
  Rendering articles/index.html.erb within layouts/application
  [1m[36mArticle Load (0.3ms)[0m  [1m[34mSELECT "articles".* FROM "articles"[0m
  Rendered articles/index.html.erb within layouts/application (2.3ms)
Completed 200 OK in 25ms (Views: 22.8ms | ActiveRecord: 0.3ms)


